int          line 1 cols 1-3 is T_Int 
a            line 1 cols 5-5 is T_Identifier 
;            line 1 cols 6-6 is T_SEMICOLON 
void         line 3 cols 1-4 is T_Void 
main         line 3 cols 6-9 is T_Identifier 
(            line 3 cols 10-10 is T_OPEN_ROUND_BRACKET 
)            line 3 cols 11-11 is T_CLOSE_ROUND_BRACKET 
{            line 3 cols 13-13 is T_OPEN_BRACE 
int          line 4 cols 4-6 is T_Int 
b            line 4 cols 8-8 is T_Identifier 
;            line 4 cols 9-9 is T_SEMICOLON 
int          line 5 cols 4-6 is T_Int 
a            line 5 cols 8-8 is T_Identifier 
;            line 5 cols 9-9 is T_SEMICOLON 
int          line 6 cols 4-6 is T_Int 
d            line 6 cols 8-8 is T_Identifier 
;            line 6 cols 9-9 is T_SEMICOLON 
d            line 8 cols 4-4 is T_Identifier 
=            line 8 cols 6-6 is T_ASSIGNMENT 
2            line 8 cols 8-8 is T_NUMBER (value = 2)
+            line 8 cols 10-10 is T_PLUS 
3            line 8 cols 12-12 is T_NUMBER (value = 3)
*            line 8 cols 14-14 is T_TIMES 
4            line 8 cols 16-16 is T_NUMBER (value = 4)
-            line 8 cols 18-18 is T_MINUS 
6            line 8 cols 20-20 is T_NUMBER (value = 6)
;            line 8 cols 21-21 is T_SEMICOLON 
b            line 9 cols 4-4 is T_Identifier 
=            line 9 cols 6-6 is T_ASSIGNMENT 
3            line 9 cols 8-8 is T_NUMBER (value = 3)
;            line 9 cols 9-9 is T_SEMICOLON 
a            line 10 cols 4-4 is T_Identifier 
=            line 10 cols 6-6 is T_ASSIGNMENT 
b            line 10 cols 8-8 is T_Identifier 
+            line 10 cols 10-10 is T_PLUS 
2            line 10 cols 12-12 is T_NUMBER (value = 2)
;            line 10 cols 13-13 is T_SEMICOLON 
}            line 11 cols 1-1 is T_CLOSE_BRACE 
