class        line 3 cols 1-5 is T_Class 
Animal       line 3 cols 7-12 is T_Identifier 
{            line 3 cols 14-14 is T_OPEN_BRACE 
int          line 4 cols 3-5 is T_Int 
height       line 4 cols 7-12 is T_Identifier 
;            line 4 cols 13-13 is T_SEMICOLON 
double       line 5 cols 3-8 is T_Double 
weight       line 5 cols 10-15 is T_Identifier 
;            line 5 cols 16-16 is T_SEMICOLON 
void         line 6 cols 4-7 is T_Void 
Eat          line 6 cols 9-11 is T_Identifier 
(            line 6 cols 12-12 is T_OPEN_ROUND_BRACKET 
)            line 6 cols 13-13 is T_CLOSE_ROUND_BRACKET 
{            line 6 cols 15-15 is T_OPEN_BRACE 
weight       line 6 cols 17-22 is T_Identifier 
=            line 6 cols 24-24 is T_ASSIGNMENT 
weight       line 6 cols 26-31 is T_Identifier 
*            line 6 cols 33-33 is T_TIMES 
2.0          line 6 cols 35-37 is T_DOUBLE_NUMBER
;            line 6 cols 38-38 is T_SEMICOLON 
}            line 6 cols 39-39 is T_CLOSE_BRACE 
}            line 7 cols 1-1 is T_CLOSE_BRACE 
class        line 9 cols 1-5 is T_Class 
Cow          line 9 cols 7-9 is T_Identifier 
extends      line 9 cols 11-17 is T_Extends 
Animal       line 9 cols 19-24 is T_Identifier 
{            line 9 cols 26-26 is T_OPEN_BRACE 
string       line 10 cols 3-8 is T_String 
name         line 10 cols 10-13 is T_Identifier 
;            line 10 cols 14-14 is T_SEMICOLON 
void         line 11 cols 3-6 is T_Void 
Moo          line 11 cols 8-10 is T_Identifier 
(            line 11 cols 11-11 is T_OPEN_ROUND_BRACKET 
)            line 11 cols 12-12 is T_CLOSE_ROUND_BRACKET 
{            line 11 cols 14-14 is T_OPEN_BRACE
}            line 11 cols 16-16 is T_CLOSE_BRACE
}            line 12 cols 1-1 is T_CLOSE_BRACE
void         line 14 cols 1-4 is T_Void 
main         line 14 cols 6-9 is T_Identifier 
(            line 14 cols 10-10 is T_OPEN_ROUND_BRACKET 
)            line 14 cols 11-11 is T_CLOSE_ROUND_BRACKET 
{            line 14 cols 13-13 is T_OPEN_BRACE 
class        line 15 cols 3-7 is T_Class 
Cow          line 15 cols 9-11 is T_Identifier 
betsy        line 15 cols 13-17 is T_Identifier 
;            line 15 cols 18-18 is T_SEMICOLON 
betsy        line 16 cols 3-7 is T_Identifier 
=            line 16 cols 9-9 is T_ASSIGNMENT 
new          line 16 cols 11-13 is T_New 
Cow          line 16 cols 15-17 is T_Identifier 
;            line 16 cols 18-18 is T_SEMICOLON 
betsy        line 17 cols 3-7 is T_Identifier 
.            line 17 cols 8-8 is T_POINT 
height       line 17 cols 9-14 is T_Identifier 
=            line 17 cols 16-16 is T_ASSIGNMENT 
0xa2         line 17 cols 18-21 is T_NUMBER
;            line 17 cols 22-22 is T_SEMICOLON 
betsy        line 18 cols 3-7 is T_Identifier 
.            line 18 cols 8-8 is T_POINT 
weight       line 18 cols 9-14 is T_Identifier 
=            line 18 cols 16-16 is T_ASSIGNMENT 
1.456        line 18 cols 18-22 is T_DOUBLE_NUMBER
;            line 18 cols 23-23 is T_SEMICOLON 
besty        line 19 cols 3-7 is T_Identifier 
.            line 19 cols 8-8 is T_POINT 
name         line 19 cols 9-12 is T_Identifier 
=            line 19 cols 14-14 is T_ASSIGNMENT 
"Betsy"      line 19 cols 16-22 is T_CONSTSTRING
;            line 19 cols 23-23 is T_SEMICOLON 
betsy        line 20 cols 3-7 is T_Identifier 
.            line 20 cols 8-8 is T_POINT 
Moo          line 20 cols 9-11 is T_Identifier 
(            line 20 cols 12-12 is T_OPEN_ROUND_BRACKET 
)            line 20 cols 13-13 is T_CLOSE_ROUND_BRACKET 
;            line 20 cols 14-14 is T_SEMICOLON 
}            line 21 cols 1-1 is T_CLOSE_BRACE
