void         line 2 cols 1-4 is T_VOID
int          line 3 cols 1-3 is T_INT
double       line 4 cols 1-6 is T_DOUBLE
string       line 5 cols 1-6 is T_STRING
class        line 6 cols 1-5 is T_CLASS
interface    line 7 cols 1-9 is T_INTERFACE
while        line 8 cols 1-5 is T_WHILE
if           line 9 cols 1-2 is T_IF
else         line 10 cols 1-4 is T_ELSE
this         line 11 cols 1-4 is T_THIS
return       line 12 cols 1-6 is T_RETURN
new          line 13 cols 1-3 is T_NEW
NewArray     line 14 cols 1-8 is T_NEWARRAY
break        line 15 cols 1-5 is T_BREAK
true         line 16 cols 1-4 is T_BOOLCONST
false        line 17 cols 1-5 is T_BOOLCONST
+            line 18 cols 1-1 is T_PLUS
-            line 19 cols 1-1 is T_MINUS
*            line 20 cols 1-1 is T_TIMES
/            line 21 cols 1-1 is T_DIVIDE
<            line 22 cols 1-1 is T_LESS_CHAR
>            line 23 cols 1-1 is T_MORE_CHAR
=            line 24 cols 1-1 is T_ASSIGNMENT
;            line 25 cols 1-1 is T_SEMICOLON
,            line 26 cols 1-1 is T_COMMA
!            line 27 cols 1-1 is T_SCREAM
{            line 28 cols 1-1 is T_OPEN_BRACE
}            line 29 cols 1-1 is T_CLOSE_BRACE
(            line 30 cols 1-1 is T_OPEN_ROUND_BRACKET
)            line 31 cols 1-1 is T_CLOSE_ROUND_BRACKET
||           line 32 cols 1-2 is T_OR
<=           line 33 cols 1-2 is t_LESS_OR_EQUALS_CHAR
>=           line 34 cols 1-2 is t_MORE_OR_EQUALS_CHAR
==           line 35 cols 1-2 is T_EQUALS
Print        line 36 cols 1-5 is T_PRINT
ReadInteger  line 37 cols 1-11 is T_READINTEGER
ReadLine     line 38 cols 1-8 is T_READLINE
